Analysis & Synthesis report for Lab8
Fri Nov 08 14:55:00 2019
Quartus Prime Version 18.1.0 Build 625 09/12/2018 SJ Lite Edition


---------------------
; Table of Contents ;
---------------------
  1. Legal Notice
  2. Analysis & Synthesis Summary
  3. Analysis & Synthesis Settings
  4. Parallel Compilation
  5. Analysis & Synthesis Source Files Read
  6. Analysis & Synthesis Resource Usage Summary
  7. Analysis & Synthesis Resource Utilization by Entity
  8. General Register Statistics
  9. Multiplexer Restructuring Statistics (Restructuring Performed)
 10. Post-Synthesis Netlist Statistics for Top Partition
 11. Elapsed Time Per Partition
 12. Analysis & Synthesis Messages



----------------
; Legal Notice ;
----------------
Copyright (C) 2018  Intel Corporation. All rights reserved.
Your use of Intel Corporation's design tools, logic functions 
and other software and tools, and its AMPP partner logic 
functions, and any output files from any of the foregoing 
(including device programming or simulation files), and any 
associated documentation or information are expressly subject 
to the terms and conditions of the Intel Program License 
Subscription Agreement, the Intel Quartus Prime License Agreement,
the Intel FPGA IP License Agreement, or other applicable license
agreement, including, without limitation, that your use is for
the sole purpose of programming logic devices manufactured by
Intel and sold by Intel or its authorized distributors.  Please
refer to the applicable agreement for further details.



+----------------------------------------------------------------------------------+
; Analysis & Synthesis Summary                                                     ;
+------------------------------------+---------------------------------------------+
; Analysis & Synthesis Status        ; Successful - Fri Nov 08 14:55:00 2019       ;
; Quartus Prime Version              ; 18.1.0 Build 625 09/12/2018 SJ Lite Edition ;
; Revision Name                      ; Lab8                                        ;
; Top-level Entity Name              ; Lab8                                        ;
; Family                             ; Cyclone IV E                                ;
; Total logic elements               ; 77                                          ;
;     Total combinational functions  ; 77                                          ;
;     Dedicated logic registers      ; 18                                          ;
; Total registers                    ; 18                                          ;
; Total pins                         ; 57                                          ;
; Total virtual pins                 ; 0                                           ;
; Total memory bits                  ; 0                                           ;
; Embedded Multiplier 9-bit elements ; 0                                           ;
; Total PLLs                         ; 0                                           ;
+------------------------------------+---------------------------------------------+


+------------------------------------------------------------------------------------------------------------+
; Analysis & Synthesis Settings                                                                              ;
+------------------------------------------------------------------+--------------------+--------------------+
; Option                                                           ; Setting            ; Default Value      ;
+------------------------------------------------------------------+--------------------+--------------------+
; Device                                                           ; EP4CE115F29C7      ;                    ;
; Top-level entity name                                            ; Lab8               ; Lab8               ;
; Family name                                                      ; Cyclone IV E       ; Cyclone V          ;
; Use smart compilation                                            ; Off                ; Off                ;
; Enable parallel Assembler and Timing Analyzer during compilation ; On                 ; On                 ;
; Enable compact report table                                      ; Off                ; Off                ;
; Restructure Multiplexers                                         ; Auto               ; Auto               ;
; Create Debugging Nodes for IP Cores                              ; Off                ; Off                ;
; Preserve fewer node names                                        ; On                 ; On                 ;
; Intel FPGA IP Evaluation Mode                                    ; Enable             ; Enable             ;
; Verilog Version                                                  ; Verilog_2001       ; Verilog_2001       ;
; VHDL Version                                                     ; VHDL_1993          ; VHDL_1993          ;
; State Machine Processing                                         ; Auto               ; Auto               ;
; Safe State Machine                                               ; Off                ; Off                ;
; Extract Verilog State Machines                                   ; On                 ; On                 ;
; Extract VHDL State Machines                                      ; On                 ; On                 ;
; Ignore Verilog initial constructs                                ; Off                ; Off                ;
; Iteration limit for constant Verilog loops                       ; 5000               ; 5000               ;
; Iteration limit for non-constant Verilog loops                   ; 250                ; 250                ;
; Add Pass-Through Logic to Inferred RAMs                          ; On                 ; On                 ;
; Infer RAMs from Raw Logic                                        ; On                 ; On                 ;
; Parallel Synthesis                                               ; On                 ; On                 ;
; DSP Block Balancing                                              ; Auto               ; Auto               ;
; NOT Gate Push-Back                                               ; On                 ; On                 ;
; Power-Up Don't Care                                              ; On                 ; On                 ;
; Remove Redundant Logic Cells                                     ; Off                ; Off                ;
; Remove Duplicate Registers                                       ; On                 ; On                 ;
; Ignore CARRY Buffers                                             ; Off                ; Off                ;
; Ignore CASCADE Buffers                                           ; Off                ; Off                ;
; Ignore GLOBAL Buffers                                            ; Off                ; Off                ;
; Ignore ROW GLOBAL Buffers                                        ; Off                ; Off                ;
; Ignore LCELL Buffers                                             ; Off                ; Off                ;
; Ignore SOFT Buffers                                              ; On                 ; On                 ;
; Limit AHDL Integers to 32 Bits                                   ; Off                ; Off                ;
; Optimization Technique                                           ; Balanced           ; Balanced           ;
; Carry Chain Length                                               ; 70                 ; 70                 ;
; Auto Carry Chains                                                ; On                 ; On                 ;
; Auto Open-Drain Pins                                             ; On                 ; On                 ;
; Perform WYSIWYG Primitive Resynthesis                            ; Off                ; Off                ;
; Auto ROM Replacement                                             ; On                 ; On                 ;
; Auto RAM Replacement                                             ; On                 ; On                 ;
; Auto DSP Block Replacement                                       ; On                 ; On                 ;
; Auto Shift Register Replacement                                  ; Auto               ; Auto               ;
; Allow Shift Register Merging across Hierarchies                  ; Auto               ; Auto               ;
; Auto Clock Enable Replacement                                    ; On                 ; On                 ;
; Strict RAM Replacement                                           ; Off                ; Off                ;
; Allow Synchronous Control Signals                                ; On                 ; On                 ;
; Force Use of Synchronous Clear Signals                           ; Off                ; Off                ;
; Auto RAM Block Balancing                                         ; On                 ; On                 ;
; Auto RAM to Logic Cell Conversion                                ; Off                ; Off                ;
; Auto Resource Sharing                                            ; Off                ; Off                ;
; Allow Any RAM Size For Recognition                               ; Off                ; Off                ;
; Allow Any ROM Size For Recognition                               ; Off                ; Off                ;
; Allow Any Shift Register Size For Recognition                    ; Off                ; Off                ;
; Use LogicLock Constraints during Resource Balancing              ; On                 ; On                 ;
; Ignore translate_off and synthesis_off directives                ; Off                ; Off                ;
; Timing-Driven Synthesis                                          ; On                 ; On                 ;
; Report Parameter Settings                                        ; On                 ; On                 ;
; Report Source Assignments                                        ; On                 ; On                 ;
; Report Connectivity Checks                                       ; On                 ; On                 ;
; Ignore Maximum Fan-Out Assignments                               ; Off                ; Off                ;
; Synchronization Register Chain Length                            ; 2                  ; 2                  ;
; Power Optimization During Synthesis                              ; Normal compilation ; Normal compilation ;
; HDL message level                                                ; Level2             ; Level2             ;
; Suppress Register Optimization Related Messages                  ; Off                ; Off                ;
; Number of Removed Registers Reported in Synthesis Report         ; 5000               ; 5000               ;
; Number of Swept Nodes Reported in Synthesis Report               ; 5000               ; 5000               ;
; Number of Inverted Registers Reported in Synthesis Report        ; 100                ; 100                ;
; Clock MUX Protection                                             ; On                 ; On                 ;
; Auto Gated Clock Conversion                                      ; Off                ; Off                ;
; Block Design Naming                                              ; Auto               ; Auto               ;
; SDC constraint protection                                        ; Off                ; Off                ;
; Synthesis Effort                                                 ; Auto               ; Auto               ;
; Shift Register Replacement - Allow Asynchronous Clear Signal     ; On                 ; On                 ;
; Pre-Mapping Resynthesis Optimization                             ; Off                ; Off                ;
; Analysis & Synthesis Message Level                               ; Medium             ; Medium             ;
; Disable Register Merging Across Hierarchies                      ; Auto               ; Auto               ;
; Resource Aware Inference For Block RAM                           ; On                 ; On                 ;
+------------------------------------------------------------------+--------------------+--------------------+


+------------------------------------------+
; Parallel Compilation                     ;
+----------------------------+-------------+
; Processors                 ; Number      ;
+----------------------------+-------------+
; Number detected on machine ; 6           ;
; Maximum allowed            ; 6           ;
;                            ;             ;
; Average used               ; 1.00        ;
; Maximum used               ; 6           ;
;                            ;             ;
; Usage by Processor         ; % Time Used ;
;     Processor 1            ; 100.0%      ;
;     Processor 2            ;   0.0%      ;
;     Processors 3-6         ;   0.0%      ;
+----------------------------+-------------+


+----------------------------------------------------------------------------------------------------------------------------------+
; Analysis & Synthesis Source Files Read                                                                                           ;
+----------------------------------+-----------------+------------------------------------+------------------------------+---------+
; File Name with User-Entered Path ; Used in Netlist ; File Type                          ; File Name with Absolute Path ; Library ;
+----------------------------------+-----------------+------------------------------------+------------------------------+---------+
; ../Lab7/REGB.vhd                 ; yes             ; User VHDL File                     ; G:/Lab7/REGB.vhd             ;         ;
; ../Lab7/REGA.vhd                 ; yes             ; User VHDL File                     ; G:/Lab7/REGA.vhd             ;         ;
; ../Lab7/MUXC.vhd                 ; yes             ; User VHDL File                     ; G:/Lab7/MUXC.vhd             ;         ;
; ../Lab7/MUXB.vhd                 ; yes             ; User VHDL File                     ; G:/Lab7/MUXB.vhd             ;         ;
; ../Lab7/MUXA.vhd                 ; yes             ; User VHDL File                     ; G:/Lab7/MUXA.vhd             ;         ;
; ../Lab7/CLog.vhd                 ; yes             ; User VHDL File                     ; G:/Lab7/CLog.vhd             ;         ;
; ../Lab7/Lab7.bdf                 ; yes             ; User Block Diagram/Schematic File  ; G:/Lab7/Lab7.bdf             ;         ;
; ../Lab7/Lab3.bdf                 ; yes             ; User Block Diagram/Schematic File  ; G:/Lab7/Lab3.bdf             ;         ;
; ../Lab7/Debounce.vhd             ; yes             ; User VHDL File                     ; G:/Lab7/Debounce.vhd         ;         ;
; Controller.vhd                   ; yes             ; User VHDL File                     ; G:/Lab8/Controller.vhd       ;         ;
; Lab8.bdf                         ; yes             ; User Block Diagram/Schematic File  ; G:/Lab8/Lab8.bdf             ;         ;
+----------------------------------+-----------------+------------------------------------+------------------------------+---------+


+-----------------------------------------------------------+
; Analysis & Synthesis Resource Usage Summary               ;
+---------------------------------------------+-------------+
; Resource                                    ; Usage       ;
+---------------------------------------------+-------------+
; Estimated Total logic elements              ; 77          ;
;                                             ;             ;
; Total combinational functions               ; 77          ;
; Logic element usage by number of LUT inputs ;             ;
;     -- 4 input functions                    ; 45          ;
;     -- 3 input functions                    ; 29          ;
;     -- <=2 input functions                  ; 3           ;
;                                             ;             ;
; Logic elements by mode                      ;             ;
;     -- normal mode                          ; 70          ;
;     -- arithmetic mode                      ; 7           ;
;                                             ;             ;
; Total registers                             ; 18          ;
;     -- Dedicated logic registers            ; 18          ;
;     -- I/O registers                        ; 0           ;
;                                             ;             ;
; I/O pins                                    ; 57          ;
;                                             ;             ;
; Embedded Multiplier 9-bit elements          ; 0           ;
;                                             ;             ;
; Maximum fan-out node                        ; IR[1]~input ;
; Maximum fan-out                             ; 25          ;
; Total fan-out                               ; 432         ;
; Average fan-out                             ; 2.07        ;
+---------------------------------------------+-------------+


+---------------------------------------------------------------------------------------------------------------------------------------------------------------------------------------------------------------------+
; Analysis & Synthesis Resource Utilization by Entity                                                                                                                                                                 ;
+----------------------------+---------------------+---------------------------+-------------+--------------+---------+-----------+------+--------------+--------------------------------+-------------+--------------+
; Compilation Hierarchy Node ; Combinational ALUTs ; Dedicated Logic Registers ; Memory Bits ; DSP Elements ; DSP 9x9 ; DSP 18x18 ; Pins ; Virtual Pins ; Full Hierarchy Name            ; Entity Name ; Library Name ;
+----------------------------+---------------------+---------------------------+-------------+--------------+---------+-----------+------+--------------+--------------------------------+-------------+--------------+
; |Lab8                      ; 77 (0)              ; 18 (0)                    ; 0           ; 0            ; 0       ; 0         ; 57   ; 0            ; |Lab8                          ; Lab8        ; work         ;
;    |Lab3:inst3|            ; 7 (7)               ; 0 (0)                     ; 0           ; 0            ; 0       ; 0         ; 0    ; 0            ; |Lab8|Lab3:inst3               ; Lab3        ; work         ;
;    |Lab3:inst4|            ; 7 (7)               ; 0 (0)                     ; 0           ; 0            ; 0       ; 0         ; 0    ; 0            ; |Lab8|Lab3:inst4               ; Lab3        ; work         ;
;    |Lab3:inst5|            ; 7 (7)               ; 0 (0)                     ; 0           ; 0            ; 0       ; 0         ; 0    ; 0            ; |Lab8|Lab3:inst5               ; Lab3        ; work         ;
;    |Lab3:inst6|            ; 7 (7)               ; 0 (0)                     ; 0           ; 0            ; 0       ; 0         ; 0    ; 0            ; |Lab8|Lab3:inst6               ; Lab3        ; work         ;
;    |Lab3:inst71685|        ; 7 (7)               ; 0 (0)                     ; 0           ; 0            ; 0       ; 0         ; 0    ; 0            ; |Lab8|Lab3:inst71685           ; Lab3        ; work         ;
;    |Lab3:inst7|            ; 7 (7)               ; 0 (0)                     ; 0           ; 0            ; 0       ; 0         ; 0    ; 0            ; |Lab8|Lab3:inst7               ; Lab3        ; work         ;
;    |Lab7:inst|             ; 35 (0)              ; 18 (0)                    ; 0           ; 0            ; 0       ; 0         ; 0    ; 0            ; |Lab8|Lab7:inst                ; Lab7        ; work         ;
;       |CLog:inst22|        ; 8 (8)               ; 0 (0)                     ; 0           ; 0            ; 0       ; 0         ; 0    ; 0            ; |Lab8|Lab7:inst|CLog:inst22    ; CLog        ; work         ;
;       |Debounce:inst1|     ; 3 (3)               ; 2 (2)                     ; 0           ; 0            ; 0       ; 0         ; 0    ; 0            ; |Lab8|Lab7:inst|Debounce:inst1 ; Debounce    ; work         ;
;       |MUXA:inst12|        ; 1 (1)               ; 0 (0)                     ; 0           ; 0            ; 0       ; 0         ; 0    ; 0            ; |Lab8|Lab7:inst|MUXA:inst12    ; MUXA        ; work         ;
;       |MUXB:inst|          ; 1 (1)               ; 0 (0)                     ; 0           ; 0            ; 0       ; 0         ; 0    ; 0            ; |Lab8|Lab7:inst|MUXB:inst      ; MUXB        ; work         ;
;       |MUXC:inst23|        ; 8 (8)               ; 0 (0)                     ; 0           ; 0            ; 0       ; 0         ; 0    ; 0            ; |Lab8|Lab7:inst|MUXC:inst23    ; MUXC        ; work         ;
;       |REGA:inst14|        ; 7 (7)               ; 8 (8)                     ; 0           ; 0            ; 0       ; 0         ; 0    ; 0            ; |Lab8|Lab7:inst|REGA:inst14    ; REGA        ; work         ;
;       |REGB:inst15|        ; 7 (7)               ; 8 (8)                     ; 0           ; 0            ; 0       ; 0         ; 0    ; 0            ; |Lab8|Lab7:inst|REGB:inst15    ; REGB        ; work         ;
+----------------------------+---------------------+---------------------------+-------------+--------------+---------+-----------+------+--------------+--------------------------------+-------------+--------------+
Note: For table entries with two numbers listed, the numbers in parentheses indicate the number of resources of the given type used by the specific entity alone. The numbers listed outside of parentheses indicate the total resources of the given type used by the specific entity and all of its sub-entities in the hierarchy.


+------------------------------------------------------+
; General Register Statistics                          ;
+----------------------------------------------+-------+
; Statistic                                    ; Value ;
+----------------------------------------------+-------+
; Total registers                              ; 18    ;
; Number of registers using Synchronous Clear  ; 0     ;
; Number of registers using Synchronous Load   ; 7     ;
; Number of registers using Asynchronous Clear ; 2     ;
; Number of registers using Asynchronous Load  ; 0     ;
; Number of registers using Clock Enable       ; 8     ;
; Number of registers using Preset             ; 0     ;
+----------------------------------------------+-------+


+---------------------------------------------------------------------------------------------------------------------------------------------------+
; Multiplexer Restructuring Statistics (Restructuring Performed)                                                                                    ;
+--------------------+-----------+---------------+----------------------+------------------------+------------+-------------------------------------+
; Multiplexer Inputs ; Bus Width ; Baseline Area ; Area if Restructured ; Saving if Restructured ; Registered ; Example Multiplexer Output          ;
+--------------------+-----------+---------------+----------------------+------------------------+------------+-------------------------------------+
; 4:1                ; 8 bits    ; 16 LEs        ; 16 LEs               ; 0 LEs                  ; Yes        ; |Lab8|Lab7:inst|REGB:inst15|REGB[7] ;
; 4:1                ; 7 bits    ; 14 LEs        ; 14 LEs               ; 0 LEs                  ; No         ; |Lab8|Lab7:inst|MUXC:inst23|Mux0    ;
+--------------------+-----------+---------------+----------------------+------------------------+------------+-------------------------------------+


+-----------------------------------------------------+
; Post-Synthesis Netlist Statistics for Top Partition ;
+-----------------------+-----------------------------+
; Type                  ; Count                       ;
+-----------------------+-----------------------------+
; boundary_port         ; 57                          ;
; cycloneiii_ff         ; 18                          ;
;     CLR               ; 2                           ;
;     ENA               ; 8                           ;
;     SLD               ; 7                           ;
;     plain             ; 1                           ;
; cycloneiii_lcell_comb ; 114                         ;
;     arith             ; 7                           ;
;         3 data inputs ; 7                           ;
;     normal            ; 107                         ;
;         0 data inputs ; 1                           ;
;         1 data inputs ; 36                          ;
;         2 data inputs ; 3                           ;
;         3 data inputs ; 22                          ;
;         4 data inputs ; 45                          ;
;                       ;                             ;
; Max LUT depth         ; 5.70                        ;
; Average LUT depth     ; 3.45                        ;
+-----------------------+-----------------------------+


+-------------------------------+
; Elapsed Time Per Partition    ;
+----------------+--------------+
; Partition Name ; Elapsed Time ;
+----------------+--------------+
; Top            ; 00:00:00     ;
+----------------+--------------+


+-------------------------------+
; Analysis & Synthesis Messages ;
+-------------------------------+
Info: *******************************************************************
Info: Running Quartus Prime Analysis & Synthesis
    Info: Version 18.1.0 Build 625 09/12/2018 SJ Lite Edition
    Info: Processing started: Fri Nov 08 14:54:51 2019
Info: Command: quartus_map --read_settings_files=on --write_settings_files=off Lab8 -c Lab8
Warning (18236): Number of processors has not been specified which may cause overloading on shared machines.  Set the global assignment NUM_PARALLEL_PROCESSORS in your QSF to an appropriate value for best performance.
Info (20030): Parallel compilation is enabled and will use 6 of the 6 processors detected
Info (12021): Found 2 design units, including 1 entities, in source file /lab7/regb.vhd
    Info (12022): Found design unit 1: REGB-behavior File: G:/Lab7/REGB.vhd Line: 13
    Info (12023): Found entity 1: REGB File: G:/Lab7/REGB.vhd Line: 6
Info (12021): Found 2 design units, including 1 entities, in source file /lab7/rega.vhd
    Info (12022): Found design unit 1: REGA-behavior File: G:/Lab7/REGA.vhd Line: 13
    Info (12023): Found entity 1: REGA File: G:/Lab7/REGA.vhd Line: 6
Info (12021): Found 2 design units, including 1 entities, in source file /lab7/muxc.vhd
    Info (12022): Found design unit 1: MUXC-behavior File: G:/Lab7/MUXC.vhd Line: 28
    Info (12023): Found entity 1: MUXC File: G:/Lab7/MUXC.vhd Line: 6
Info (12021): Found 2 design units, including 1 entities, in source file /lab7/muxb.vhd
    Info (12022): Found design unit 1: MUXB-behavior File: G:/Lab7/MUXB.vhd Line: 16
    Info (12023): Found entity 1: MUXB File: G:/Lab7/MUXB.vhd Line: 6
Info (12021): Found 2 design units, including 1 entities, in source file /lab7/muxa.vhd
    Info (12022): Found design unit 1: MUXA-behavior File: G:/Lab7/MUXA.vhd Line: 16
    Info (12023): Found entity 1: MUXA File: G:/Lab7/MUXA.vhd Line: 6
Info (12021): Found 2 design units, including 1 entities, in source file /lab7/clog.vhd
    Info (12022): Found design unit 1: CLog-behavior File: G:/Lab7/CLog.vhd Line: 28
    Info (12023): Found entity 1: CLog File: G:/Lab7/CLog.vhd Line: 6
Info (12021): Found 1 design units, including 1 entities, in source file /lab7/lab7.bdf
    Info (12023): Found entity 1: Lab7
Info (12021): Found 1 design units, including 1 entities, in source file /lab7/lab3.bdf
    Info (12023): Found entity 1: Lab3
Info (12021): Found 2 design units, including 1 entities, in source file /lab7/debounce.vhd
    Info (12022): Found design unit 1: Debounce-clean_pulse File: G:/Lab7/Debounce.vhd Line: 12
    Info (12023): Found entity 1: Debounce File: G:/Lab7/Debounce.vhd Line: 6
Info (12021): Found 2 design units, including 1 entities, in source file controller.vhd
    Info (12022): Found design unit 1: Controller-behavior File: G:/Lab8/Controller.vhd Line: 23
    Info (12023): Found entity 1: Controller File: G:/Lab8/Controller.vhd Line: 11
Info (12021): Found 1 design units, including 1 entities, in source file lab8.bdf
    Info (12023): Found entity 1: Lab8
Info (12127): Elaborating entity "Lab8" for the top level hierarchy
Info (12128): Elaborating entity "Controller" for hierarchy "Controller:inst2"
Warning (10541): VHDL Signal Declaration warning at Controller.vhd(17): used implicit default value for signal "IRLD" because signal was never assigned a value or an explicit default value. Use of implicit default value may introduce unintended design optimizations. File: G:/Lab8/Controller.vhd Line: 17
Info (12128): Elaborating entity "Lab3" for hierarchy "Lab3:inst71685"
Info (12128): Elaborating entity "Lab7" for hierarchy "Lab7:inst"
Warning (275011): Block or symbol "MUXA" of instance "inst12" overlaps another block or symbol
Warning (275011): Block or symbol "MUXB" of instance "inst" overlaps another block or symbol
Info (12128): Elaborating entity "CLog" for hierarchy "Lab7:inst|CLog:inst22"
Warning (10541): VHDL Signal Declaration warning at CLog.vhd(11): used implicit default value for signal "Cout" because signal was never assigned a value or an explicit default value. Use of implicit default value may introduce unintended design optimizations. File: G:/Lab7/CLog.vhd Line: 11
Info (12128): Elaborating entity "REGA" for hierarchy "Lab7:inst|REGA:inst14"
Info (12128): Elaborating entity "Debounce" for hierarchy "Lab7:inst|Debounce:inst1"
Warning (10492): VHDL Process Statement warning at Debounce.vhd(17): signal "Key" is read inside the Process Statement but isn't in the Process Statement's sensitivity list File: G:/Lab7/Debounce.vhd Line: 17
Warning (10492): VHDL Process Statement warning at Debounce.vhd(22): signal "cnt" is read inside the Process Statement but isn't in the Process Statement's sensitivity list File: G:/Lab7/Debounce.vhd Line: 22
Warning (10492): VHDL Process Statement warning at Debounce.vhd(22): signal "Key" is read inside the Process Statement but isn't in the Process Statement's sensitivity list File: G:/Lab7/Debounce.vhd Line: 22
Info (12128): Elaborating entity "MUXA" for hierarchy "Lab7:inst|MUXA:inst12"
Info (12128): Elaborating entity "MUXC" for hierarchy "Lab7:inst|MUXC:inst23"
Info (12128): Elaborating entity "REGB" for hierarchy "Lab7:inst|REGB:inst15"
Info (12128): Elaborating entity "MUXB" for hierarchy "Lab7:inst|MUXB:inst"
Warning (13024): Output pins are stuck at VCC or GND
    Warning (13410): Pin "IRLD" is stuck at GND
    Warning (13410): Pin "Cout" is stuck at GND
Info (286030): Timing-Driven Synthesis is running
Info (16010): Generating hard_block partition "hard_block:auto_generated_inst"
    Info (16011): Adding 0 node(s), including 0 DDIO, 0 PLL, 0 transceiver and 0 LCELL
Warning (21074): Design contains 1 input pin(s) that do not drive logic
    Warning (15610): No output dependent on input pin "Cin"
Info (21057): Implemented 141 device resources after synthesis - the final resource count might be different
    Info (21058): Implemented 13 input pins
    Info (21059): Implemented 44 output pins
    Info (21061): Implemented 84 logic cells
Info: Quartus Prime Analysis & Synthesis was successful. 0 errors, 13 warnings
    Info: Peak virtual memory: 4811 megabytes
    Info: Processing ended: Fri Nov 08 14:55:00 2019
    Info: Elapsed time: 00:00:09
    Info: Total CPU time (on all processors): 00:00:17


